<?xml version="1.0" encoding="UTF-8"?>
<!-- Generated by org.testng.reporters.JUnitReportReporter -->
<testsuite hostname="GOUTAM2021" failures="0" tests="6" name="api.test.DDTests" time="13.394" errors="0" timestamp="2024-09-13T20:35:24 IST" skipped="0">
  <testcase classname="api.test.DDTests" name="testPostuser" time="1.179"/>
  <testcase classname="api.test.DDTests" name="testPostuser" time="1.179"/>
  <testcase classname="api.test.DDTests" name="testPostuser" time="7.534"/>
  <testcase classname="api.test.DDTests" name="testDeleteUserByName" time="1.101"/>
  <testcase classname="api.test.DDTests" name="testDeleteUserByName" time="1.168"/>
  <testcase classname="api.test.DDTests" name="testDeleteUserByName" time="1.233"/>
</testsuite> <!-- api.test.DDTests -->
