<?xml version="1.0" encoding="UTF-8"?>
<!-- Generated by org.testng.reporters.JUnitReportReporter -->
<testsuite hostname="GOUTAM2021" failures="0" tests="4" name="api.test.UserTests" time="10.855" errors="0" timestamp="2024-09-14T11:07:29 IST" skipped="0">
  <testcase classname="api.test.UserTests" name="testPostUser" time="7.438"/>
  <testcase classname="api.test.UserTests" name="testGetUserByName" time="1.177"/>
  <testcase classname="api.test.UserTests" name="testUpdateUserByName" time="1.141"/>
  <testcase classname="api.test.UserTests" name="testDeleteUserByName" time="1.099"/>
</testsuite> <!-- api.test.UserTests -->
