<?xml version="1.0" encoding="UTF-8"?>
<!-- Generated by org.testng.reporters.JUnitReportReporter -->
<testsuite hostname="GOUTAM2021" failures="0" tests="4" name="api.test.UserTests" time="19.496" errors="0" timestamp="2024-09-14T11:49:59 IST" skipped="0">
  <testcase classname="api.test.UserTests" name="testPostUser" time="13.018"/>
  <testcase classname="api.test.UserTests" name="testGetUserByName" time="1.702"/>
  <testcase classname="api.test.UserTests" name="testUpdateUserByName" time="3.180"/>
  <testcase classname="api.test.UserTests" name="testDeleteUserByName" time="1.596"/>
</testsuite> <!-- api.test.UserTests -->
